<html>
<body>
<pre>
<h1>Build Log</h1>
<h3>
--------------------Configuration: Demo5 - Win32 Debug--------------------
</h3>
<h3>Command Lines</h3>
Creating command line "rc.exe /l 0x804 /fo"Debug/Demo5.res" /d "_DEBUG" /d "_AFXDLL" "\\Mac\Home\Desktop\Demo5\Demo5.rc"" 
Creating temporary file "C:\Users\Nandina\AppData\Local\Temp\RSP3109.tmp" with contents
[
/nologo /MDd /W3 /Gm /GX /ZI /Od /D "WIN32" /D "_DEBUG" /D "_WINDOWS" /D "_AFXDLL" /D "_MBCS" /Fp"Debug/Demo5.pch" /Yu"stdafx.h" /Fo"Debug/" /Fd"Debug/" /FD /GZ /c 
"\\Mac\Home\Desktop\Demo5\Demo5.cpp"
"\\Mac\Home\Desktop\Demo5\Demo5View.cpp"
]
Creating command line "cl.exe @C:\Users\Nandina\AppData\Local\Temp\RSP3109.tmp" 
Creating command line "link.exe /nologo /subsystem:windows /incremental:yes /pdb:"Debug/Demo5.pdb" /debug /machine:I386 /out:"Debug/Demo5.exe" /pdbtype:sept  .\Debug\Demo5.obj .\Debug\Demo5Doc.obj .\Debug\Demo5View.obj .\Debug\MainFrm.obj .\Debug\StdAfx.obj .\Debug\Demo5.res "
<h3>Output Window</h3>
Compiling resources...
Compiling...
Demo5View.cpp
\\Mac\Home\Desktop\Demo5\Demo5View.cpp(331) : error C2065: 'ControlPoint' : undeclared identifier
\\Mac\Home\Desktop\Demo5\Demo5View.cpp(331) : error C2061: syntax error : identifier 'Point3D'
\\Mac\Home\Desktop\Demo5\Demo5View.cpp(333) : error C2065: 'CDialogEXP5' : undeclared identifier
\\Mac\Home\Desktop\Demo5\Demo5View.cpp(333) : error C2146: syntax error : missing ';' before identifier 'mdialog'
\\Mac\Home\Desktop\Demo5\Demo5View.cpp(333) : error C2065: 'mdialog' : undeclared identifier
\\Mac\Home\Desktop\Demo5\Demo5View.cpp(334) : error C2228: left of '.DoModal' must have class/struct/union type
\\Mac\Home\Desktop\Demo5\Demo5View.cpp(335) : error C2143: syntax error : missing ';' before '{'
\\Mac\Home\Desktop\Demo5\Demo5View.cpp(335) : error C2143: syntax error : missing ';' before '{'
\\Mac\Home\Desktop\Demo5\Demo5View.cpp(335) : warning C4390: ';' : empty controlled statement found; is this the intent?
\\Mac\Home\Desktop\Demo5\Demo5View.cpp(335) : error C2143: syntax error : missing ';' before '{'
\\Mac\Home\Desktop\Demo5\Demo5View.cpp(335) : error C2143: syntax error : missing ';' before '{'
\\Mac\Home\Desktop\Demo5\Demo5View.cpp(335) : error C2143: syntax error : missing ';' before '{'
\\Mac\Home\Desktop\Demo5\Demo5View.cpp(335) : error C2143: syntax error : missing ';' before '{'
\\Mac\Home\Desktop\Demo5\Demo5View.cpp(335) : error C2143: syntax error : missing ';' before '{'
\\Mac\Home\Desktop\Demo5\Demo5View.cpp(335) : error C2143: syntax error : missing ';' before '{'
\\Mac\Home\Desktop\Demo5\Demo5View.cpp(335) : error C2143: syntax error : missing ';' before '{'
\\Mac\Home\Desktop\Demo5\Demo5View.cpp(335) : error C2143: syntax error : missing ';' before '{'
\\Mac\Home\Desktop\Demo5\Demo5View.cpp(335) : error C2143: syntax error : missing ';' before '{'
\\Mac\Home\Desktop\Demo5\Demo5View.cpp(335) : error C2143: syntax error : missing ';' before '{'
\\Mac\Home\Desktop\Demo5\Demo5View.cpp(335) : error C2143: syntax error : missing ';' before '{'
\\Mac\Home\Desktop\Demo5\Demo5View.cpp(335) : error C2143: syntax error : missing ';' before '{'
\\Mac\Home\Desktop\Demo5\Demo5View.cpp(335) : error C2143: syntax error : missing ';' before '{'
\\Mac\Home\Desktop\Demo5\Demo5View.cpp(335) : error C2143: syntax error : missing ';' before '{'
\\Mac\Home\Desktop\Demo5\Demo5View.cpp(335) : error C2143: syntax error : missing ';' before '{'
\\Mac\Home\Desktop\Demo5\Demo5View.cpp(335) : error C2143: syntax error : missing ';' before '{'
\\Mac\Home\Desktop\Demo5\Demo5View.cpp(335) : error C2143: syntax error : missing ';' before '{'
\\Mac\Home\Desktop\Demo5\Demo5View.cpp(335) : error C2143: syntax error : missing ';' before '{'
\\Mac\Home\Desktop\Demo5\Demo5View.cpp(335) : error C2143: syntax error : missing ';' before '{'
\\Mac\Home\Desktop\Demo5\Demo5View.cpp(335) : error C2143: syntax error : missing ';' before '{'
\\Mac\Home\Desktop\Demo5\Demo5View.cpp(335) : error C2143: syntax error : missing ';' before '{'
\\Mac\Home\Desktop\Demo5\Demo5View.cpp(335) : error C2143: syntax error : missing ';' before '{'
\\Mac\Home\Desktop\Demo5\Demo5View.cpp(335) : error C2143: syntax error : missing ';' before '{'
\\Mac\Home\Desktop\Demo5\Demo5View.cpp(335) : error C2143: syntax error : missing ';' before '{'
\\Mac\Home\Desktop\Demo5\Demo5View.cpp(335) : error C2143: syntax error : missing ';' before '{'
\\Mac\Home\Desktop\Demo5\Demo5View.cpp(335) : error C2143: syntax error : missing ';' before '{'
\\Mac\Home\Desktop\Demo5\Demo5View.cpp(335) : error C2143: syntax error : missing ';' before '{'
\\Mac\Home\Desktop\Demo5\Demo5View.cpp(335) : error C2143: syntax error : missing ';' before '{'
\\Mac\Home\Desktop\Demo5\Demo5View.cpp(335) : error C2143: syntax error : missing ';' before '{'
\\Mac\Home\Desktop\Demo5\Demo5View.cpp(335) : error C2143: syntax error : missing ';' before '{'
\\Mac\Home\Desktop\Demo5\Demo5View.cpp(335) : error C2143: syntax error : missing ';' before '{'
\\Mac\Home\Desktop\Demo5\Demo5View.cpp(335) : error C2143: syntax error : missing ';' before '{'
\\Mac\Home\Desktop\Demo5\Demo5View.cpp(335) : error C2143: syntax error : missing ';' before '{'
\\Mac\Home\Desktop\Demo5\Demo5View.cpp(335) : error C2143: syntax error : missing ';' before '{'
\\Mac\Home\Desktop\Demo5\Demo5View.cpp(335) : error C2143: syntax error : missing ';' before '{'
\\Mac\Home\Desktop\Demo5\Demo5View.cpp(335) : error C2143: syntax error : missing ';' before '{'
\\Mac\Home\Desktop\Demo5\Demo5View.cpp(335) : error C2143: syntax error : missing ';' before '{'
\\Mac\Home\Desktop\Demo5\Demo5View.cpp(335) : error C2143: syntax error : missing ';' before '{'
\\Mac\Home\Desktop\Demo5\Demo5View.cpp(335) : error C2143: syntax error : missing ';' before '{'
\\Mac\Home\Desktop\Demo5\Demo5View.cpp(335) : error C2143: syntax error : missing ';' before '{'
\\Mac\Home\Desktop\Demo5\Demo5View.cpp(335) : error C2143: syntax error : missing ';' before '{'
\\Mac\Home\Desktop\Demo5\Demo5View.cpp(335) : error C2143: syntax error : missing ';' before '{'
\\Mac\Home\Desktop\Demo5\Demo5View.cpp(335) : error C2143: syntax error : missing ';' before '{'
\\Mac\Home\Desktop\Demo5\Demo5View.cpp(335) : error C2143: syntax error : missing ';' before '{'
\\Mac\Home\Desktop\Demo5\Demo5View.cpp(335) : error C2143: syntax error : missing ';' before '{'
\\Mac\Home\Desktop\Demo5\Demo5View.cpp(335) : error C2143: syntax error : missing ';' before '{'
\\Mac\Home\Desktop\Demo5\Demo5View.cpp(335) : error C2143: syntax error : missing ';' before '{'
\\Mac\Home\Desktop\Demo5\Demo5View.cpp(335) : error C2143: syntax error : missing ';' before '{'
\\Mac\Home\Desktop\Demo5\Demo5View.cpp(335) : error C2143: syntax error : missing ';' before '{'
\\Mac\Home\Desktop\Demo5\Demo5View.cpp(335) : error C2143: syntax error : missing ';' before '{'
\\Mac\Home\Desktop\Demo5\Demo5View.cpp(335) : error C2143: syntax error : missing ';' before '{'
\\Mac\Home\Desktop\Demo5\Demo5View.cpp(335) : error C2143: syntax error : missing ';' before '{'
\\Mac\Home\Desktop\Demo5\Demo5View.cpp(335) : error C2143: syntax error : missing ';' before '{'
\\Mac\Home\Desktop\Demo5\Demo5View.cpp(335) : error C2143: syntax error : missing ';' before '{'
\\Mac\Home\Desktop\Demo5\Demo5View.cpp(335) : error C2143: syntax error : missing ';' before '{'
\\Mac\Home\Desktop\Demo5\Demo5View.cpp(335) : error C2143: syntax error : missing ';' before '{'
\\Mac\Home\Desktop\Demo5\Demo5View.cpp(335) : error C2143: syntax error : missing ';' before '{'
\\Mac\Home\Desktop\Demo5\Demo5View.cpp(335) : error C2143: syntax error : missing ';' before '{'
\\Mac\Home\Desktop\Demo5\Demo5View.cpp(335) : error C2143: syntax error : missing ';' before '{'
\\Mac\Home\Desktop\Demo5\Demo5View.cpp(335) : error C2143: syntax error : missing ';' before '{'
\\Mac\Home\Desktop\Demo5\Demo5View.cpp(335) : error C2143: syntax error : missing ';' before '{'
\\Mac\Home\Desktop\Demo5\Demo5View.cpp(335) : error C2143: syntax error : missing ';' before '{'
\\Mac\Home\Desktop\Demo5\Demo5View.cpp(335) : error C2143: syntax error : missing ';' before '{'
\\Mac\Home\Desktop\Demo5\Demo5View.cpp(335) : error C2143: syntax error : missing ';' before '{'
\\Mac\Home\Desktop\Demo5\Demo5View.cpp(335) : error C2143: syntax error : missing ';' before '{'
\\Mac\Home\Desktop\Demo5\Demo5View.cpp(335) : error C2143: syntax error : missing ';' before '{'
\\Mac\Home\Desktop\Demo5\Demo5View.cpp(335) : error C2143: syntax error : missing ';' before '{'
\\Mac\Home\Desktop\Demo5\Demo5View.cpp(335) : error C2143: syntax error : missing ';' before '{'
\\Mac\Home\Desktop\Demo5\Demo5View.cpp(335) : error C2143: syntax error : missing ';' before '{'
\\Mac\Home\Desktop\Demo5\Demo5View.cpp(335) : error C2143: syntax error : missing ';' before '{'
\\Mac\Home\Desktop\Demo5\Demo5View.cpp(335) : error C2143: syntax error : missing ';' before '{'
\\Mac\Home\Desktop\Demo5\Demo5View.cpp(335) : error C2143: syntax error : missing ';' before '{'
\\Mac\Home\Desktop\Demo5\Demo5View.cpp(335) : error C2143: syntax error : missing ';' before '{'
\\Mac\Home\Desktop\Demo5\Demo5View.cpp(335) : error C2143: syntax error : missing ';' before '{'
\\Mac\Home\Desktop\Demo5\Demo5View.cpp(335) : error C2143: syntax error : missing ';' before '{'
\\Mac\Home\Desktop\Demo5\Demo5View.cpp(335) : error C2143: syntax error : missing ';' before '{'
\\Mac\Home\Desktop\Demo5\Demo5View.cpp(335) : error C2143: syntax error : missing ';' before '{'
\\Mac\Home\Desktop\Demo5\Demo5View.cpp(335) : error C2143: syntax error : missing ';' before '{'
\\Mac\Home\Desktop\Demo5\Demo5View.cpp(335) : error C2143: syntax error : missing ';' before '{'
\\Mac\Home\Desktop\Demo5\Demo5View.cpp(335) : error C2143: syntax error : missing ';' before '{'
\\Mac\Home\Desktop\Demo5\Demo5View.cpp(335) : error C2143: syntax error : missing ';' before '{'
\\Mac\Home\Desktop\Demo5\Demo5View.cpp(335) : error C2143: syntax error : missing ';' before '{'
\\Mac\Home\Desktop\Demo5\Demo5View.cpp(335) : error C2143: syntax error : missing ';' before '{'
\\Mac\Home\Desktop\Demo5\Demo5View.cpp(335) : error C2143: syntax error : missing ';' before '{'
\\Mac\Home\Desktop\Demo5\Demo5View.cpp(335) : error C2143: syntax error : missing ';' before '{'
\\Mac\Home\Desktop\Demo5\Demo5View.cpp(335) : error C2143: syntax error : missing ';' before '{'
\\Mac\Home\Desktop\Demo5\Demo5View.cpp(335) : error C2143: syntax error : missing ';' before '{'
\\Mac\Home\Desktop\Demo5\Demo5View.cpp(335) : error C2143: syntax error : missing ';' before '{'
\\Mac\Home\Desktop\Demo5\Demo5View.cpp(335) : error C2143: syntax error : missing ';' before '{'
\\Mac\Home\Desktop\Demo5\Demo5View.cpp(335) : error C2143: syntax error : missing ';' before '{'
\\Mac\Home\Desktop\Demo5\Demo5View.cpp(335) : error C2143: syntax error : missing ';' before '{'
\\Mac\Home\Desktop\Demo5\Demo5View.cpp(335) : error C2143: syntax error : missing ';' before '{'
\\Mac\Home\Desktop\Demo5\Demo5View.cpp(335) : error C2143: syntax error : missing ';' before '{'
\\Mac\Home\Desktop\Demo5\Demo5View.cpp(335) : fatal error C1003: error count exceeds 100; stopping compilation
Generating Code...
Compiling...
Demo5.cpp
Generating Code...
Ö´ÐÐ cl.exe Ê±³ö´í.



<h3>Results</h3>
Demo5.exe - 1 error(s), 0 warning(s)
</pre>
</body>
</html>
